#
# There is insufficient memory for the Java Runtime Environment to continue.
# Native memory allocation (malloc) failed to allocate 1048576 bytes for AllocateHeap
# Possible reasons:
#   The system is out of physical RAM or swap space
#   In 32 bit mode, the process size limit was hit
# Possible solutions:
#   Reduce memory load on the system
#   Increase physical memory or swap space
#   Check if swap backing store is full
#   Use 64 bit Java on a 64 bit OS
#   Decrease Java heap size (-Xmx/-Xms)
#   Decrease number of Java threads
#   Decrease Java thread stack sizes (-Xss)
#   Set larger code cache with -XX:ReservedCodeCacheSize=
# This output file may be truncated or incomplete.
#
#  Out of Memory Error (memory/allocation.inline.hpp:61), pid=32628, tid=0x000000000000c458
#
# JRE version:  (8.0) (build )
# Java VM: OpenJDK 64-Bit Server VM (25.71-b00 mixed mode windows-amd64 compressed oops)
# Failed to write core dump. Minidumps are not enabled by default on client versions of Windows
#

---------------  T H R E A D  ---------------

Current thread (0x0000000000c0e000):  JavaThread "Unknown thread" [_thread_in_vm, id=50264, stack(0x0000000000c10000,0x0000000000d10000)]

Stack: [0x0000000000c10000,0x0000000000d10000]
[error occurred during error reporting (printing stack bounds), id 0xc0000005]

Native frames: (J=compiled Java code, j=interpreted, Vv=VM code, C=native code)


---------------  P R O C E S S  ---------------

Java Threads: ( => current thread )

Other Threads:

=>0x0000000000c0e000 (exited) JavaThread "Unknown thread" [_thread_in_vm, id=50264, stack(0x0000000000c10000,0x0000000000d10000)]

VM state:not at safepoint (normal execution)

VM Mutex/Monitor currently owned by a thread: None

Heap:
 PSYoungGen      total 38400K, used 665K [0x00000000d5d00000, 0x00000000d8780000, 0x0000000100000000)
  eden space 33280K, 2% used [0x00000000d5d00000,0x00000000d5da6670,0x00000000d7d80000)
  from space 5120K, 0% used [0x00000000d8280000,0x00000000d8280000,0x00000000d8780000)
  to   space 5120K, 0% used [0x00000000d7d80000,0x00000000d7d80000,0x00000000d8280000)
 ParOldGen       total 87552K, used 0K [0x0000000081600000, 0x0000000086b80000, 0x00000000d5d00000)
  object space 87552K, 0% used [0x0000000081600000,0x0000000081600000,0x0000000086b80000)
 Metaspace       used 777K, capacity 4480K, committed 4480K, reserved 1056768K
  class space    used 74K, capacity 384K, committed 384K, reserved 1048576K

Card table byte_map: [0x0000000011980000,0x0000000011d80000] byte_map_base: 0x0000000011575000

Marking Bits: (ParMarkBitMap*) 0x000000005fcabe50
 Begin Bits: [0x0000000012830000, 0x00000000147d8000)
 End Bits:   [0x00000000147d8000, 0x0000000016780000)

Polling page: 0x0000000000720000

CodeCache: size=245760Kb used=328Kb max_used=328Kb free=245431Kb
 bounds [0x00000000025c0000, 0x0000000002830000, 0x00000000115c0000]
 total_blobs=57 nmethods=0 adapters=38
 compilation: enabled

Compilation events (0 events):
No events

GC Heap History (0 events):
No events

Deoptimization events (0 events):
No events

Classes redefined (0 events):
No events

Internal exceptions (0 events):
No events

Events (10 events):
Event: 0.042 loading class java/lang/Short
Event: 0.043 loading class java/lang/Short done
Event: 0.043 loading class java/lang/Integer
Event: 0.043 loading class java/lang/Integer done
Event: 0.043 loading class java/lang/Long
Event: 0.043 loading class java/lang/Long done
Event: 0.044 loading class java/lang/NullPointerException
Event: 0.044 loading class java/lang/NullPointerException done
Event: 0.044 loading class java/lang/ArithmeticException
Event: 0.044 loading class java/lang/ArithmeticException done


Dynamic libraries:
0x00007ff765580000 - 0x00007ff7655b5000 	C:\Program Files\Unity\Hub\Editor\2020.1.13f1\Editor\Data\PlaybackEngines\AndroidPlayer\OpenJDK\bin\java.exe
0x00007fffc35e0000 - 0x00007fffc37d0000 	C:\Windows\SYSTEM32\ntdll.dll
0x00007fffc1d20000 - 0x00007fffc1dd2000 	C:\Windows\System32\KERNEL32.DLL
0x00007fffc0780000 - 0x00007fffc0a23000 	C:\Windows\System32\KERNELBASE.dll
0x00007fffc1690000 - 0x00007fffc1733000 	C:\Windows\System32\ADVAPI32.dll
0x00007fffc2120000 - 0x00007fffc21be000 	C:\Windows\System32\msvcrt.dll
0x00007fffc1c70000 - 0x00007fffc1d07000 	C:\Windows\System32\sechost.dll
0x00007fffc1f40000 - 0x00007fffc2060000 	C:\Windows\System32\RPCRT4.dll
0x00007fffc23f0000 - 0x00007fffc2583000 	C:\Windows\System32\USER32.dll
0x00007fffc0ae0000 - 0x00007fffc0b01000 	C:\Windows\System32\win32u.dll
0x00007fffc1800000 - 0x00007fffc1826000 	C:\Windows\System32\GDI32.dll
0x00007fffc14f0000 - 0x00007fffc1684000 	C:\Windows\System32\gdi32full.dll
0x00007fffc06c0000 - 0x00007fffc075e000 	C:\Windows\System32\msvcp_win.dll
0x00007fffc05c0000 - 0x00007fffc06ba000 	C:\Windows\System32\ucrtbase.dll
0x00007fffbf9c0000 - 0x00007fffbfc45000 	C:\Windows\WinSxS\amd64_microsoft.windows.common-controls_6595b64144ccf1df_6.0.18362.356_none_e6c4af7d130f27cc\COMCTL32.dll
0x00007fffc1830000 - 0x00007fffc1b66000 	C:\Windows\System32\combase.dll
0x00007fffc0a60000 - 0x00007fffc0ae0000 	C:\Windows\System32\bcryptPrimitives.dll
0x00007fffc2740000 - 0x00007fffc276e000 	C:\Windows\System32\IMM32.DLL
0x000000005fd30000 - 0x000000005fe02000 	C:\Program Files\Unity\Hub\Editor\2020.1.13f1\Editor\Data\PlaybackEngines\AndroidPlayer\OpenJDK\jre\bin\msvcr100.dll
0x000000005f4e0000 - 0x000000005fd29000 	C:\Program Files\Unity\Hub\Editor\2020.1.13f1\Editor\Data\PlaybackEngines\AndroidPlayer\OpenJDK\jre\bin\server\jvm.dll
0x00007fffc2060000 - 0x00007fffc2068000 	C:\Windows\System32\PSAPI.DLL
0x00007fffbeb90000 - 0x00007fffbeb99000 	C:\Windows\SYSTEM32\WSOCK32.dll
0x00007fffbe2d0000 - 0x00007fffbe2da000 	C:\Windows\SYSTEM32\VERSION.dll
0x00007fffbd030000 - 0x00007fffbd054000 	C:\Windows\SYSTEM32\WINMM.dll
0x00007fffbd000000 - 0x00007fffbd02d000 	C:\Windows\SYSTEM32\winmmbase.dll
0x00007fffc0570000 - 0x00007fffc05ba000 	C:\Windows\System32\cfgmgr32.dll
0x00007fffc27d0000 - 0x00007fffc283f000 	C:\Windows\System32\WS2_32.dll
0x00007fffb7f50000 - 0x00007fffb7f5f000 	C:\Program Files\Unity\Hub\Editor\2020.1.13f1\Editor\Data\PlaybackEngines\AndroidPlayer\OpenJDK\jre\bin\verify.dll
0x00007fff91aa0000 - 0x00007fff91ac9000 	C:\Program Files\Unity\Hub\Editor\2020.1.13f1\Editor\Data\PlaybackEngines\AndroidPlayer\OpenJDK\jre\bin\java.dll
0x00007fff97520000 - 0x00007fff97536000 	C:\Program Files\Unity\Hub\Editor\2020.1.13f1\Editor\Data\PlaybackEngines\AndroidPlayer\OpenJDK\jre\bin\zip.dll

VM Arguments:
jvm_args: -Dfile.encoding=UTF-8 
java_command: <unknown>
java_class_path (initial): .
Launcher Type: SUN_STANDARD

Environment Variables:
JAVA_HOME=C:\Program Files\Unity\Hub\Editor\2020.1.13f1\Editor\Data\PlaybackEngines\AndroidPlayer\OpenJDK
JAVA_TOOL_OPTIONS=-Dfile.encoding=UTF-8
PATH=C:\Windows\system32;C:\Windows;C:\Windows\System32\Wbem;C:\Windows\System32\WindowsPowerShell\v1.0\;C:\Windows\System32\OpenSSH\;C:\Program Files\NVIDIA Corporation\NVIDIA NvDLISR;C:\Program Files (x86)\NVIDIA Corporation\PhysX\Common;C:\Program Files\Git\cmd;C:\Users\Gregorovich\AppData\Local\Microsoft\WindowsApps;;D:\Programms\VSCode\Programm\bin
USERNAME=Gregorovich
OS=Windows_NT
PROCESSOR_IDENTIFIER=Intel64 Family 6 Model 142 Stepping 10, GenuineIntel



---------------  S Y S T E M  ---------------

OS: Windows 10.0 , 64 bit Build 18362 (10.0.18362.329)

CPU:total 8 (initial active 8) (4 cores per cpu, 2 threads per core) family 6 model 142 stepping 10, cmov, cx8, fxsr, mmx, sse, sse2, sse3, ssse3, sse4.1, sse4.2, popcnt, avx, avx2, aes, clmul, erms, 3dnowpref, lzcnt, ht, tsc, tscinvbit, bmi1, bmi2, adx

Memory: 4k page, physical 8295652k(647364k free), swap 20758112k(5400k free)

vm_info: OpenJDK 64-Bit Server VM (25.71-b00) for windows-amd64 JRE (1.8.0-adoptopenjdk-_2018_05_19_00_59-b00), built on May 19 2018 01:02:12 by "jenkins" with MS VC++ 10.0 (VS2010)

time: Wed Feb 17 20:08:31 2021
elapsed time: 0 seconds (0d 0h 0m 0s)

